0 verbose cli C:\Program Files\nodejs\node.exe C:\Program Files\nodejs\node_modules\npm\bin\npm-cli.js
1 info using npm@10.9.3
2 info using node@v22.19.0
3 silly config load:file:C:\Program Files\nodejs\node_modules\npm\npmrc
4 silly config load:file:C:\Users\KiranUmmenthala\OneDrive - CloudFuze, Inc\Desktop\JsonProject\.npmrc
5 silly config load:file:C:\Users\KiranUmmenthala\.npmrc
6 silly config load:file:C:\Users\KiranUmmenthala\AppData\Roaming\npm\etc\npmrc
7 verbose title npm install
8 verbose argv "install" "--cache" ".npm" "--prefer-offline" "false"
9 verbose logfile logs-max:10 dir:C:\Users\KiranUmmenthala\OneDrive - CloudFuze, Inc\Desktop\JsonProject\.npm\_logs\2026-01-28T14_50_17_162Z-
10 verbose logfile C:\Users\KiranUmmenthala\OneDrive - CloudFuze, Inc\Desktop\JsonProject\.npm\_logs\2026-01-28T14_50_17_162Z-debug-0.log
11 silly logfile done cleaning log files
12 http fetch GET https://registry.npmjs.org/npm attempt 1 failed with ECONNREFUSED
13 silly packumentCache heap:4345298944 maxSize:1086324736 maxEntrySize:543162368
14 silly idealTree buildDeps
15 silly fetch manifest concurrently@^8.2.2
16 silly packumentCache full:https://registry.npmjs.org/concurrently cache-miss
17 silly placeDep ROOT concurrently@ OK for: slack-dm-export-generator@1.0.0 want: ^8.2.2
18 verbose stack Error: request to https://registry.npmjs.org/concurrently failed: cache mode is 'only-if-cached' but no cached response is available.
18 verbose stack     at cacheFetch (C:\Program Files\nodejs\node_modules\npm\node_modules\make-fetch-happen\lib\cache\index.js:12:13)
18 verbose stack     at async fetch (C:\Program Files\nodejs\node_modules\npm\node_modules\make-fetch-happen\lib\fetch.js:98:7)
18 verbose stack     at async RegistryFetcher.packument (C:\Program Files\nodejs\node_modules\npm\node_modules\pacote\lib\registry.js:90:19)
18 verbose stack     at async RegistryFetcher.manifest (C:\Program Files\nodejs\node_modules\npm\node_modules\pacote\lib\registry.js:128:23)
18 verbose stack     at async #fetchManifest (C:\Program Files\nodejs\node_modules\npm\node_modules\@npmcli\arborist\lib\arborist\build-ideal-tree.js:1202:20)
18 verbose stack     at async #nodeFromEdge (C:\Program Files\nodejs\node_modules\npm\node_modules\@npmcli\arborist\lib\arborist\build-ideal-tree.js:1040:19)
18 verbose stack     at async #buildDepStep (C:\Program Files\nodejs\node_modules\npm\node_modules\@npmcli\arborist\lib\arborist\build-ideal-tree.js:904:11)
18 verbose stack     at async Arborist.buildIdealTree (C:\Program Files\nodejs\node_modules\npm\node_modules\@npmcli\arborist\lib\arborist\build-ideal-tree.js:181:7)
18 verbose stack     at async Promise.all (index 1)
18 verbose stack     at async Arborist.reify (C:\Program Files\nodejs\node_modules\npm\node_modules\@npmcli\arborist\lib\arborist\reify.js:131:5)
19 error code ENOTCACHED
20 error request to https://registry.npmjs.org/concurrently failed: cache mode is 'only-if-cached' but no cached response is available.
21 silly unfinished npm timer reify 1769611817878
22 silly unfinished npm timer reify:loadTrees 1769611817879
23 verbose cwd C:\Users\KiranUmmenthala\OneDrive - CloudFuze, Inc\Desktop\JsonProject
24 verbose os Windows_NT 10.0.26200
25 verbose node v22.19.0
26 verbose npm  v10.9.3
27 verbose exit 1
28 verbose code 1
29 error A complete log of this run can be found in: C:\Users\KiranUmmenthala\OneDrive - CloudFuze, Inc\Desktop\JsonProject\.npm\_logs\2026-01-28T14_50_17_162Z-debug-0.log
